[0.008s] Invoking command in '/home/qingyuan/ros2_iot/build/xplr_aoa3_msgs': CMAKE_PREFIX_PATH=${CMAKE_PREFIX_PATH}:/opt/ros/humble /usr/bin/cmake /home/qingyuan/ros2_iot/src/xplr_aoa3_msgs -DCMAKE_INSTALL_PREFIX=/home/qingyuan/ros2_iot/install/xplr_aoa3_msgs
[1.352s] -- The C compiler identification is GNU 11.4.0
[1.455s] -- The CXX compiler identification is GNU 11.4.0
[1.465s] -- Detecting C compiler ABI info
[1.665s] -- Detecting C compiler ABI info - done
[1.676s] -- Check for working C compiler: /usr/bin/cc - skipped
[1.676s] -- Detecting C compile features
[1.677s] -- Detecting C compile features - done
[1.682s] -- Detecting CXX compiler ABI info
[1.793s] -- Detecting CXX compiler ABI info - done
[1.801s] -- Check for working CXX compiler: /usr/bin/c++ - skipped
[1.801s] -- Detecting CXX compile features
[1.801s] -- Detecting CXX compile features - done
[1.994s] -- Found ament_cmake: 1.3.12 (/opt/ros/humble/share/ament_cmake/cmake)
[2.172s] -- Found Python3: /usr/bin/python3 (found version "3.10.12") found components: Interpreter 
[2.332s] -- Found std_msgs: 4.9.0 (/opt/ros/humble/share/std_msgs/cmake)
[2.547s] -- Found rosidl_generator_c: 3.1.7 (/opt/ros/humble/share/rosidl_generator_c/cmake)
[2.589s] -- Found rosidl_adapter: 3.1.7 (/opt/ros/humble/share/rosidl_adapter/cmake)
[2.632s] -- Found rosidl_generator_cpp: 3.1.7 (/opt/ros/humble/share/rosidl_generator_cpp/cmake)
[2.739s] -- Using all available rosidl_typesupport_c: rosidl_typesupport_fastrtps_c;rosidl_typesupport_introspection_c
[2.853s] -- Using all available rosidl_typesupport_cpp: rosidl_typesupport_fastrtps_cpp;rosidl_typesupport_introspection_cpp
[2.953s] -- Found rosidl_default_generators: 1.2.0 (/opt/ros/humble/share/rosidl_default_generators/cmake)
[3.264s] -- Found ament_cmake_ros: 0.10.0 (/opt/ros/humble/share/ament_cmake_ros/cmake)
[3.642s] -- Using all available rosidl_typesupport_c: rosidl_typesupport_fastrtps_c;rosidl_typesupport_introspection_c
[3.767s] -- Using all available rosidl_typesupport_cpp: rosidl_typesupport_fastrtps_cpp;rosidl_typesupport_introspection_cpp
[3.788s] -- Found PythonInterp: /usr/bin/python3 (found suitable version "3.10.12", minimum required is "3.6") 
[3.791s] -- Found python_cmake_module: 0.10.0 (/opt/ros/humble/share/python_cmake_module/cmake)
[3.848s] -- Found PythonLibs: /usr/lib/x86_64-linux-gnu/libpython3.10.so (found suitable version "3.10.12", minimum required is "3.5") 
[3.849s] -- Using PYTHON_EXECUTABLE: /usr/bin/python3
[3.849s] -- Using PYTHON_INCLUDE_DIRS: /usr/include/python3.10
[3.849s] -- Using PYTHON_LIBRARIES: /usr/lib/x86_64-linux-gnu/libpython3.10.so
[3.872s] -- Found PythonExtra: .so  
[4.047s] -- Configuring done
[4.076s] -- Generating done
[4.086s] -- Build files have been written to: /home/qingyuan/ros2_iot/build/xplr_aoa3_msgs
[4.092s] Invoked command in '/home/qingyuan/ros2_iot/build/xplr_aoa3_msgs' returned '0': CMAKE_PREFIX_PATH=${CMAKE_PREFIX_PATH}:/opt/ros/humble /usr/bin/cmake /home/qingyuan/ros2_iot/src/xplr_aoa3_msgs -DCMAKE_INSTALL_PREFIX=/home/qingyuan/ros2_iot/install/xplr_aoa3_msgs
[4.093s] Invoking command in '/home/qingyuan/ros2_iot/build/xplr_aoa3_msgs': CMAKE_PREFIX_PATH=${CMAKE_PREFIX_PATH}:/opt/ros/humble /usr/bin/cmake --build /home/qingyuan/ros2_iot/build/xplr_aoa3_msgs -- -j12 -l12
[4.127s] [  3%] [34m[1mGenerating C code for ROS interfaces[0m
[4.137s] [  6%] [34m[1mGenerating C++ code for ROS interfaces[0m
[4.145s] [  6%] Built target ament_cmake_python_copy_xplr_aoa3_msgs
[4.388s] running egg_info
[4.389s] creating xplr_aoa3_msgs.egg-info
[4.389s] writing xplr_aoa3_msgs.egg-info/PKG-INFO
[4.389s] writing dependency_links to xplr_aoa3_msgs.egg-info/dependency_links.txt
[4.390s] writing top-level names to xplr_aoa3_msgs.egg-info/top_level.txt
[4.390s] writing manifest file 'xplr_aoa3_msgs.egg-info/SOURCES.txt'
[4.392s] reading manifest file 'xplr_aoa3_msgs.egg-info/SOURCES.txt'
[4.393s] writing manifest file 'xplr_aoa3_msgs.egg-info/SOURCES.txt'
[4.402s] [  6%] Built target xplr_aoa3_msgs__cpp
[4.411s] [ 16%] [34m[1mGenerating C++ type support dispatch for ROS interfaces[0m
[4.412s] [ 16%] [34m[1mGenerating C++ type support for eProsima Fast-RTPS[0m
[4.412s] [ 16%] [34m[1mGenerating C++ introspection for ROS interfaces[0m
[4.415s] [ 19%] [32mBuilding C object CMakeFiles/xplr_aoa3_msgs__rosidl_generator_c.dir/rosidl_generator_c/xplr_aoa3_msgs/msg/detail/aoa_measurement__functions.c.o[0m
[4.420s] [ 19%] Built target ament_cmake_python_build_xplr_aoa3_msgs_egg
[4.579s] [ 22%] [32m[1mLinking C shared library libxplr_aoa3_msgs__rosidl_generator_c.so[0m
[4.629s] [ 25%] [32mBuilding CXX object CMakeFiles/xplr_aoa3_msgs__rosidl_typesupport_cpp.dir/rosidl_typesupport_cpp/xplr_aoa3_msgs/msg/aoa_measurement__type_support.cpp.o[0m
[4.652s] [ 25%] Built target xplr_aoa3_msgs__rosidl_generator_c
[4.662s] [ 35%] [34m[1mGenerating C type support for eProsima Fast-RTPS[0m
[4.662s] [ 35%] [34m[1mGenerating C introspection for ROS interfaces[0m
[4.662s] [ 35%] [34m[1mGenerating C type support dispatch for ROS interfaces[0m
[4.663s] [ 38%] [32mBuilding CXX object CMakeFiles/xplr_aoa3_msgs__rosidl_typesupport_fastrtps_cpp.dir/rosidl_typesupport_fastrtps_cpp/xplr_aoa3_msgs/msg/detail/dds_fastrtps/aoa_measurement__type_support.cpp.o[0m
[4.704s] [ 41%] [32mBuilding CXX object CMakeFiles/xplr_aoa3_msgs__rosidl_typesupport_introspection_cpp.dir/rosidl_typesupport_introspection_cpp/xplr_aoa3_msgs/msg/detail/aoa_measurement__type_support.cpp.o[0m
[4.888s] [ 45%] [32mBuilding CXX object CMakeFiles/xplr_aoa3_msgs__rosidl_typesupport_c.dir/rosidl_typesupport_c/xplr_aoa3_msgs/msg/aoa_measurement__type_support.cpp.o[0m
[4.911s] [ 48%] [32mBuilding C object CMakeFiles/xplr_aoa3_msgs__rosidl_typesupport_introspection_c.dir/rosidl_typesupport_introspection_c/xplr_aoa3_msgs/msg/detail/aoa_measurement__type_support.c.o[0m
[4.912s] [ 51%] [32mBuilding CXX object CMakeFiles/xplr_aoa3_msgs__rosidl_typesupport_fastrtps_c.dir/rosidl_typesupport_fastrtps_c/xplr_aoa3_msgs/msg/detail/aoa_measurement__type_support_c.cpp.o[0m
[4.920s] [ 54%] [32m[1mLinking CXX shared library libxplr_aoa3_msgs__rosidl_typesupport_c.so[0m
[4.961s] [ 54%] Built target xplr_aoa3_msgs__rosidl_typesupport_c
[4.995s] [ 58%] [32m[1mLinking C shared library libxplr_aoa3_msgs__rosidl_typesupport_introspection_c.so[0m
[5.023s] [ 58%] Built target xplr_aoa3_msgs__rosidl_typesupport_introspection_c
[5.326s] [ 61%] [32m[1mLinking CXX shared library libxplr_aoa3_msgs__rosidl_typesupport_cpp.so[0m
[5.369s] [ 61%] Built target xplr_aoa3_msgs__rosidl_typesupport_cpp
[5.455s] [ 64%] [32m[1mLinking CXX shared library libxplr_aoa3_msgs__rosidl_typesupport_fastrtps_c.so[0m
[5.460s] [ 67%] [32m[1mLinking CXX shared library libxplr_aoa3_msgs__rosidl_typesupport_introspection_cpp.so[0m
[5.506s] [ 70%] [32m[1mLinking CXX shared library libxplr_aoa3_msgs__rosidl_typesupport_fastrtps_cpp.so[0m
[5.523s] [ 70%] Built target xplr_aoa3_msgs__rosidl_typesupport_introspection_cpp
[5.530s] [ 70%] Built target xplr_aoa3_msgs__rosidl_typesupport_fastrtps_c
[5.574s] [ 70%] Built target xplr_aoa3_msgs__rosidl_typesupport_fastrtps_cpp
[5.591s] [ 70%] Built target xplr_aoa3_msgs
[5.610s] [ 74%] [34m[1mGenerating Python code for ROS interfaces[0m
[5.927s] [ 74%] Built target xplr_aoa3_msgs__py
[5.947s] [ 77%] [32mBuilding C object CMakeFiles/xplr_aoa3_msgs__rosidl_generator_py.dir/rosidl_generator_py/xplr_aoa3_msgs/msg/_aoa_measurement_s.c.o[0m
[6.654s] [ 80%] [32m[1mLinking C shared library rosidl_generator_py/xplr_aoa3_msgs/libxplr_aoa3_msgs__rosidl_generator_py.so[0m
[6.692s] [ 80%] Built target xplr_aoa3_msgs__rosidl_generator_py
[6.711s] [ 90%] [32mBuilding C object CMakeFiles/xplr_aoa3_msgs__rosidl_typesupport_fastrtps_c__pyext.dir/rosidl_generator_py/xplr_aoa3_msgs/_xplr_aoa3_msgs_s.ep.rosidl_typesupport_fastrtps_c.c.o[0m
[6.711s] [ 90%] [32mBuilding C object CMakeFiles/xplr_aoa3_msgs__rosidl_typesupport_c__pyext.dir/rosidl_generator_py/xplr_aoa3_msgs/_xplr_aoa3_msgs_s.ep.rosidl_typesupport_c.c.o[0m
[6.711s] [ 90%] [32mBuilding C object CMakeFiles/xplr_aoa3_msgs__rosidl_typesupport_introspection_c__pyext.dir/rosidl_generator_py/xplr_aoa3_msgs/_xplr_aoa3_msgs_s.ep.rosidl_typesupport_introspection_c.c.o[0m
[6.851s] [ 96%] [32m[1mLinking C shared library rosidl_generator_py/xplr_aoa3_msgs/xplr_aoa3_msgs_s__rosidl_typesupport_fastrtps_c.cpython-310-x86_64-linux-gnu.so[0m
[6.851s] [ 96%] [32m[1mLinking C shared library rosidl_generator_py/xplr_aoa3_msgs/xplr_aoa3_msgs_s__rosidl_typesupport_c.cpython-310-x86_64-linux-gnu.so[0m
[6.852s] [100%] [32m[1mLinking C shared library rosidl_generator_py/xplr_aoa3_msgs/xplr_aoa3_msgs_s__rosidl_typesupport_introspection_c.cpython-310-x86_64-linux-gnu.so[0m
[6.889s] [100%] Built target xplr_aoa3_msgs__rosidl_typesupport_introspection_c__pyext
[6.889s] [100%] Built target xplr_aoa3_msgs__rosidl_typesupport_fastrtps_c__pyext
[6.889s] [100%] Built target xplr_aoa3_msgs__rosidl_typesupport_c__pyext
[6.900s] Invoked command in '/home/qingyuan/ros2_iot/build/xplr_aoa3_msgs' returned '0': CMAKE_PREFIX_PATH=${CMAKE_PREFIX_PATH}:/opt/ros/humble /usr/bin/cmake --build /home/qingyuan/ros2_iot/build/xplr_aoa3_msgs -- -j12 -l12
[6.909s] Invoking command in '/home/qingyuan/ros2_iot/build/xplr_aoa3_msgs': CMAKE_PREFIX_PATH=${CMAKE_PREFIX_PATH}:/opt/ros/humble /usr/bin/cmake --install /home/qingyuan/ros2_iot/build/xplr_aoa3_msgs
[6.916s] -- Install configuration: ""
[6.916s] -- Installing: /home/qingyuan/ros2_iot/install/xplr_aoa3_msgs/share/ament_index/resource_index/rosidl_interfaces/xplr_aoa3_msgs
[6.916s] -- Installing: /home/qingyuan/ros2_iot/install/xplr_aoa3_msgs/include/xplr_aoa3_msgs/xplr_aoa3_msgs
[6.916s] -- Installing: /home/qingyuan/ros2_iot/install/xplr_aoa3_msgs/include/xplr_aoa3_msgs/xplr_aoa3_msgs/msg
[6.916s] -- Installing: /home/qingyuan/ros2_iot/install/xplr_aoa3_msgs/include/xplr_aoa3_msgs/xplr_aoa3_msgs/msg/aoa_measurement.h
[6.916s] -- Installing: /home/qingyuan/ros2_iot/install/xplr_aoa3_msgs/include/xplr_aoa3_msgs/xplr_aoa3_msgs/msg/rosidl_generator_c__visibility_control.h
[6.917s] -- Installing: /home/qingyuan/ros2_iot/install/xplr_aoa3_msgs/include/xplr_aoa3_msgs/xplr_aoa3_msgs/msg/detail
[6.917s] -- Installing: /home/qingyuan/ros2_iot/install/xplr_aoa3_msgs/include/xplr_aoa3_msgs/xplr_aoa3_msgs/msg/detail/aoa_measurement__functions.c
[6.917s] -- Installing: /home/qingyuan/ros2_iot/install/xplr_aoa3_msgs/include/xplr_aoa3_msgs/xplr_aoa3_msgs/msg/detail/aoa_measurement__type_support.h
[6.917s] -- Installing: /home/qingyuan/ros2_iot/install/xplr_aoa3_msgs/include/xplr_aoa3_msgs/xplr_aoa3_msgs/msg/detail/aoa_measurement__struct.h
[6.917s] -- Installing: /home/qingyuan/ros2_iot/install/xplr_aoa3_msgs/include/xplr_aoa3_msgs/xplr_aoa3_msgs/msg/detail/aoa_measurement__functions.h
[6.917s] -- Installing: /home/qingyuan/ros2_iot/install/xplr_aoa3_msgs/share/xplr_aoa3_msgs/environment/library_path.sh
[6.917s] -- Installing: /home/qingyuan/ros2_iot/install/xplr_aoa3_msgs/share/xplr_aoa3_msgs/environment/library_path.dsv
[6.917s] -- Installing: /home/qingyuan/ros2_iot/install/xplr_aoa3_msgs/lib/libxplr_aoa3_msgs__rosidl_generator_c.so
[6.918s] -- Set runtime path of "/home/qingyuan/ros2_iot/install/xplr_aoa3_msgs/lib/libxplr_aoa3_msgs__rosidl_generator_c.so" to ""
[6.918s] -- Up-to-date: /home/qingyuan/ros2_iot/install/xplr_aoa3_msgs/include/xplr_aoa3_msgs/xplr_aoa3_msgs
[6.918s] -- Up-to-date: /home/qingyuan/ros2_iot/install/xplr_aoa3_msgs/include/xplr_aoa3_msgs/xplr_aoa3_msgs/msg
[6.918s] -- Installing: /home/qingyuan/ros2_iot/install/xplr_aoa3_msgs/include/xplr_aoa3_msgs/xplr_aoa3_msgs/msg/rosidl_typesupport_fastrtps_c__visibility_control.h
[6.918s] -- Up-to-date: /home/qingyuan/ros2_iot/install/xplr_aoa3_msgs/include/xplr_aoa3_msgs/xplr_aoa3_msgs/msg/detail
[6.918s] -- Installing: /home/qingyuan/ros2_iot/install/xplr_aoa3_msgs/include/xplr_aoa3_msgs/xplr_aoa3_msgs/msg/detail/aoa_measurement__rosidl_typesupport_fastrtps_c.h
[6.918s] -- Installing: /home/qingyuan/ros2_iot/install/xplr_aoa3_msgs/lib/libxplr_aoa3_msgs__rosidl_typesupport_fastrtps_c.so
[6.918s] -- Set runtime path of "/home/qingyuan/ros2_iot/install/xplr_aoa3_msgs/lib/libxplr_aoa3_msgs__rosidl_typesupport_fastrtps_c.so" to ""
[6.919s] -- Up-to-date: /home/qingyuan/ros2_iot/install/xplr_aoa3_msgs/include/xplr_aoa3_msgs/xplr_aoa3_msgs
[6.919s] -- Up-to-date: /home/qingyuan/ros2_iot/install/xplr_aoa3_msgs/include/xplr_aoa3_msgs/xplr_aoa3_msgs/msg
[6.919s] -- Installing: /home/qingyuan/ros2_iot/install/xplr_aoa3_msgs/include/xplr_aoa3_msgs/xplr_aoa3_msgs/msg/rosidl_generator_cpp__visibility_control.hpp
[6.919s] -- Installing: /home/qingyuan/ros2_iot/install/xplr_aoa3_msgs/include/xplr_aoa3_msgs/xplr_aoa3_msgs/msg/aoa_measurement.hpp
[6.919s] -- Up-to-date: /home/qingyuan/ros2_iot/install/xplr_aoa3_msgs/include/xplr_aoa3_msgs/xplr_aoa3_msgs/msg/detail
[6.919s] -- Installing: /home/qingyuan/ros2_iot/install/xplr_aoa3_msgs/include/xplr_aoa3_msgs/xplr_aoa3_msgs/msg/detail/aoa_measurement__traits.hpp
[6.919s] -- Installing: /home/qingyuan/ros2_iot/install/xplr_aoa3_msgs/include/xplr_aoa3_msgs/xplr_aoa3_msgs/msg/detail/aoa_measurement__struct.hpp
[6.919s] -- Installing: /home/qingyuan/ros2_iot/install/xplr_aoa3_msgs/include/xplr_aoa3_msgs/xplr_aoa3_msgs/msg/detail/aoa_measurement__type_support.hpp
[6.919s] -- Installing: /home/qingyuan/ros2_iot/install/xplr_aoa3_msgs/include/xplr_aoa3_msgs/xplr_aoa3_msgs/msg/detail/aoa_measurement__builder.hpp
[6.919s] -- Up-to-date: /home/qingyuan/ros2_iot/install/xplr_aoa3_msgs/include/xplr_aoa3_msgs/xplr_aoa3_msgs
[6.919s] -- Up-to-date: /home/qingyuan/ros2_iot/install/xplr_aoa3_msgs/include/xplr_aoa3_msgs/xplr_aoa3_msgs/msg
[6.919s] -- Installing: /home/qingyuan/ros2_iot/install/xplr_aoa3_msgs/include/xplr_aoa3_msgs/xplr_aoa3_msgs/msg/rosidl_typesupport_fastrtps_cpp__visibility_control.h
[6.920s] -- Up-to-date: /home/qingyuan/ros2_iot/install/xplr_aoa3_msgs/include/xplr_aoa3_msgs/xplr_aoa3_msgs/msg/detail
[6.920s] -- Installing: /home/qingyuan/ros2_iot/install/xplr_aoa3_msgs/include/xplr_aoa3_msgs/xplr_aoa3_msgs/msg/detail/aoa_measurement__rosidl_typesupport_fastrtps_cpp.hpp
[6.920s] -- Installing: /home/qingyuan/ros2_iot/install/xplr_aoa3_msgs/include/xplr_aoa3_msgs/xplr_aoa3_msgs/msg/detail/dds_fastrtps
[6.920s] -- Installing: /home/qingyuan/ros2_iot/install/xplr_aoa3_msgs/lib/libxplr_aoa3_msgs__rosidl_typesupport_fastrtps_cpp.so
[6.920s] -- Set runtime path of "/home/qingyuan/ros2_iot/install/xplr_aoa3_msgs/lib/libxplr_aoa3_msgs__rosidl_typesupport_fastrtps_cpp.so" to ""
[6.920s] -- Up-to-date: /home/qingyuan/ros2_iot/install/xplr_aoa3_msgs/include/xplr_aoa3_msgs/xplr_aoa3_msgs
[6.920s] -- Up-to-date: /home/qingyuan/ros2_iot/install/xplr_aoa3_msgs/include/xplr_aoa3_msgs/xplr_aoa3_msgs/msg
[6.920s] -- Installing: /home/qingyuan/ros2_iot/install/xplr_aoa3_msgs/include/xplr_aoa3_msgs/xplr_aoa3_msgs/msg/rosidl_typesupport_introspection_c__visibility_control.h
[6.920s] -- Up-to-date: /home/qingyuan/ros2_iot/install/xplr_aoa3_msgs/include/xplr_aoa3_msgs/xplr_aoa3_msgs/msg/detail
[6.921s] -- Installing: /home/qingyuan/ros2_iot/install/xplr_aoa3_msgs/include/xplr_aoa3_msgs/xplr_aoa3_msgs/msg/detail/aoa_measurement__type_support.c
[6.921s] -- Installing: /home/qingyuan/ros2_iot/install/xplr_aoa3_msgs/include/xplr_aoa3_msgs/xplr_aoa3_msgs/msg/detail/aoa_measurement__rosidl_typesupport_introspection_c.h
[6.921s] -- Installing: /home/qingyuan/ros2_iot/install/xplr_aoa3_msgs/lib/libxplr_aoa3_msgs__rosidl_typesupport_introspection_c.so
[6.921s] -- Set runtime path of "/home/qingyuan/ros2_iot/install/xplr_aoa3_msgs/lib/libxplr_aoa3_msgs__rosidl_typesupport_introspection_c.so" to ""
[6.921s] -- Installing: /home/qingyuan/ros2_iot/install/xplr_aoa3_msgs/lib/libxplr_aoa3_msgs__rosidl_typesupport_c.so
[6.921s] -- Set runtime path of "/home/qingyuan/ros2_iot/install/xplr_aoa3_msgs/lib/libxplr_aoa3_msgs__rosidl_typesupport_c.so" to ""
[6.921s] -- Up-to-date: /home/qingyuan/ros2_iot/install/xplr_aoa3_msgs/include/xplr_aoa3_msgs/xplr_aoa3_msgs
[6.922s] -- Up-to-date: /home/qingyuan/ros2_iot/install/xplr_aoa3_msgs/include/xplr_aoa3_msgs/xplr_aoa3_msgs/msg
[6.922s] -- Up-to-date: /home/qingyuan/ros2_iot/install/xplr_aoa3_msgs/include/xplr_aoa3_msgs/xplr_aoa3_msgs/msg/detail
[6.922s] -- Installing: /home/qingyuan/ros2_iot/install/xplr_aoa3_msgs/include/xplr_aoa3_msgs/xplr_aoa3_msgs/msg/detail/aoa_measurement__type_support.cpp
[6.922s] -- Installing: /home/qingyuan/ros2_iot/install/xplr_aoa3_msgs/include/xplr_aoa3_msgs/xplr_aoa3_msgs/msg/detail/aoa_measurement__rosidl_typesupport_introspection_cpp.hpp
[6.922s] -- Installing: /home/qingyuan/ros2_iot/install/xplr_aoa3_msgs/lib/libxplr_aoa3_msgs__rosidl_typesupport_introspection_cpp.so
[6.922s] -- Set runtime path of "/home/qingyuan/ros2_iot/install/xplr_aoa3_msgs/lib/libxplr_aoa3_msgs__rosidl_typesupport_introspection_cpp.so" to ""
[6.922s] -- Installing: /home/qingyuan/ros2_iot/install/xplr_aoa3_msgs/lib/libxplr_aoa3_msgs__rosidl_typesupport_cpp.so
[6.922s] -- Set runtime path of "/home/qingyuan/ros2_iot/install/xplr_aoa3_msgs/lib/libxplr_aoa3_msgs__rosidl_typesupport_cpp.so" to ""
[6.922s] -- Installing: /home/qingyuan/ros2_iot/install/xplr_aoa3_msgs/share/xplr_aoa3_msgs/environment/pythonpath.sh
[6.923s] -- Installing: /home/qingyuan/ros2_iot/install/xplr_aoa3_msgs/share/xplr_aoa3_msgs/environment/pythonpath.dsv
[6.923s] -- Installing: /home/qingyuan/ros2_iot/install/xplr_aoa3_msgs/local/lib/python3.10/dist-packages/xplr_aoa3_msgs-0.1.0-py3.10.egg-info
[6.923s] -- Installing: /home/qingyuan/ros2_iot/install/xplr_aoa3_msgs/local/lib/python3.10/dist-packages/xplr_aoa3_msgs-0.1.0-py3.10.egg-info/SOURCES.txt
[6.923s] -- Installing: /home/qingyuan/ros2_iot/install/xplr_aoa3_msgs/local/lib/python3.10/dist-packages/xplr_aoa3_msgs-0.1.0-py3.10.egg-info/PKG-INFO
[6.923s] -- Installing: /home/qingyuan/ros2_iot/install/xplr_aoa3_msgs/local/lib/python3.10/dist-packages/xplr_aoa3_msgs-0.1.0-py3.10.egg-info/dependency_links.txt
[6.923s] -- Installing: /home/qingyuan/ros2_iot/install/xplr_aoa3_msgs/local/lib/python3.10/dist-packages/xplr_aoa3_msgs-0.1.0-py3.10.egg-info/top_level.txt
[6.923s] -- Installing: /home/qingyuan/ros2_iot/install/xplr_aoa3_msgs/local/lib/python3.10/dist-packages/xplr_aoa3_msgs
[6.923s] -- Installing: /home/qingyuan/ros2_iot/install/xplr_aoa3_msgs/local/lib/python3.10/dist-packages/xplr_aoa3_msgs/xplr_aoa3_msgs_s__rosidl_typesupport_fastrtps_c.cpython-310-x86_64-linux-gnu.so
[6.923s] -- Installing: /home/qingyuan/ros2_iot/install/xplr_aoa3_msgs/local/lib/python3.10/dist-packages/xplr_aoa3_msgs/_xplr_aoa3_msgs_s.ep.rosidl_typesupport_c.c
[6.923s] -- Installing: /home/qingyuan/ros2_iot/install/xplr_aoa3_msgs/local/lib/python3.10/dist-packages/xplr_aoa3_msgs/_xplr_aoa3_msgs_s.ep.rosidl_typesupport_introspection_c.c
[6.924s] -- Installing: /home/qingyuan/ros2_iot/install/xplr_aoa3_msgs/local/lib/python3.10/dist-packages/xplr_aoa3_msgs/xplr_aoa3_msgs_s__rosidl_typesupport_introspection_c.cpython-310-x86_64-linux-gnu.so
[6.924s] -- Installing: /home/qingyuan/ros2_iot/install/xplr_aoa3_msgs/local/lib/python3.10/dist-packages/xplr_aoa3_msgs/_xplr_aoa3_msgs_s.ep.rosidl_typesupport_fastrtps_c.c
[6.924s] -- Installing: /home/qingyuan/ros2_iot/install/xplr_aoa3_msgs/local/lib/python3.10/dist-packages/xplr_aoa3_msgs/libxplr_aoa3_msgs__rosidl_generator_py.so
[6.924s] -- Installing: /home/qingyuan/ros2_iot/install/xplr_aoa3_msgs/local/lib/python3.10/dist-packages/xplr_aoa3_msgs/__init__.py
[6.924s] -- Installing: /home/qingyuan/ros2_iot/install/xplr_aoa3_msgs/local/lib/python3.10/dist-packages/xplr_aoa3_msgs/xplr_aoa3_msgs_s__rosidl_typesupport_c.cpython-310-x86_64-linux-gnu.so
[6.924s] -- Installing: /home/qingyuan/ros2_iot/install/xplr_aoa3_msgs/local/lib/python3.10/dist-packages/xplr_aoa3_msgs/msg
[6.924s] -- Installing: /home/qingyuan/ros2_iot/install/xplr_aoa3_msgs/local/lib/python3.10/dist-packages/xplr_aoa3_msgs/msg/_aoa_measurement.py
[6.924s] -- Installing: /home/qingyuan/ros2_iot/install/xplr_aoa3_msgs/local/lib/python3.10/dist-packages/xplr_aoa3_msgs/msg/_aoa_measurement_s.c
[6.924s] -- Installing: /home/qingyuan/ros2_iot/install/xplr_aoa3_msgs/local/lib/python3.10/dist-packages/xplr_aoa3_msgs/msg/__init__.py
[6.955s] Listing '/home/qingyuan/ros2_iot/install/xplr_aoa3_msgs/local/lib/python3.10/dist-packages/xplr_aoa3_msgs'...
[6.955s] Compiling '/home/qingyuan/ros2_iot/install/xplr_aoa3_msgs/local/lib/python3.10/dist-packages/xplr_aoa3_msgs/__init__.py'...
[6.955s] Listing '/home/qingyuan/ros2_iot/install/xplr_aoa3_msgs/local/lib/python3.10/dist-packages/xplr_aoa3_msgs/msg'...
[6.956s] Compiling '/home/qingyuan/ros2_iot/install/xplr_aoa3_msgs/local/lib/python3.10/dist-packages/xplr_aoa3_msgs/msg/__init__.py'...
[6.956s] Compiling '/home/qingyuan/ros2_iot/install/xplr_aoa3_msgs/local/lib/python3.10/dist-packages/xplr_aoa3_msgs/msg/_aoa_measurement.py'...
[6.959s] -- Installing: /home/qingyuan/ros2_iot/install/xplr_aoa3_msgs/local/lib/python3.10/dist-packages/xplr_aoa3_msgs/xplr_aoa3_msgs_s__rosidl_typesupport_fastrtps_c.cpython-310-x86_64-linux-gnu.so
[6.960s] -- Set runtime path of "/home/qingyuan/ros2_iot/install/xplr_aoa3_msgs/local/lib/python3.10/dist-packages/xplr_aoa3_msgs/xplr_aoa3_msgs_s__rosidl_typesupport_fastrtps_c.cpython-310-x86_64-linux-gnu.so" to ""
[6.960s] -- Installing: /home/qingyuan/ros2_iot/install/xplr_aoa3_msgs/local/lib/python3.10/dist-packages/xplr_aoa3_msgs/xplr_aoa3_msgs_s__rosidl_typesupport_introspection_c.cpython-310-x86_64-linux-gnu.so
[6.960s] -- Set runtime path of "/home/qingyuan/ros2_iot/install/xplr_aoa3_msgs/local/lib/python3.10/dist-packages/xplr_aoa3_msgs/xplr_aoa3_msgs_s__rosidl_typesupport_introspection_c.cpython-310-x86_64-linux-gnu.so" to ""
[6.960s] -- Installing: /home/qingyuan/ros2_iot/install/xplr_aoa3_msgs/local/lib/python3.10/dist-packages/xplr_aoa3_msgs/xplr_aoa3_msgs_s__rosidl_typesupport_c.cpython-310-x86_64-linux-gnu.so
[6.961s] -- Set runtime path of "/home/qingyuan/ros2_iot/install/xplr_aoa3_msgs/local/lib/python3.10/dist-packages/xplr_aoa3_msgs/xplr_aoa3_msgs_s__rosidl_typesupport_c.cpython-310-x86_64-linux-gnu.so" to ""
[6.961s] -- Installing: /home/qingyuan/ros2_iot/install/xplr_aoa3_msgs/lib/libxplr_aoa3_msgs__rosidl_generator_py.so
[6.961s] -- Set runtime path of "/home/qingyuan/ros2_iot/install/xplr_aoa3_msgs/lib/libxplr_aoa3_msgs__rosidl_generator_py.so" to ""
[6.961s] -- Installing: /home/qingyuan/ros2_iot/install/xplr_aoa3_msgs/share/xplr_aoa3_msgs/msg/AoaMeasurement.idl
[6.962s] -- Installing: /home/qingyuan/ros2_iot/install/xplr_aoa3_msgs/share/xplr_aoa3_msgs/msg/AoaMeasurement.msg
[6.962s] -- Installing: /home/qingyuan/ros2_iot/install/xplr_aoa3_msgs/share/ament_index/resource_index/package_run_dependencies/xplr_aoa3_msgs
[6.962s] -- Installing: /home/qingyuan/ros2_iot/install/xplr_aoa3_msgs/share/ament_index/resource_index/parent_prefix_path/xplr_aoa3_msgs
[6.962s] -- Installing: /home/qingyuan/ros2_iot/install/xplr_aoa3_msgs/share/xplr_aoa3_msgs/environment/ament_prefix_path.sh
[6.962s] -- Installing: /home/qingyuan/ros2_iot/install/xplr_aoa3_msgs/share/xplr_aoa3_msgs/environment/ament_prefix_path.dsv
[6.962s] -- Installing: /home/qingyuan/ros2_iot/install/xplr_aoa3_msgs/share/xplr_aoa3_msgs/environment/path.sh
[6.962s] -- Installing: /home/qingyuan/ros2_iot/install/xplr_aoa3_msgs/share/xplr_aoa3_msgs/environment/path.dsv
[6.962s] -- Installing: /home/qingyuan/ros2_iot/install/xplr_aoa3_msgs/share/xplr_aoa3_msgs/local_setup.bash
[6.962s] -- Installing: /home/qingyuan/ros2_iot/install/xplr_aoa3_msgs/share/xplr_aoa3_msgs/local_setup.sh
[6.962s] -- Installing: /home/qingyuan/ros2_iot/install/xplr_aoa3_msgs/share/xplr_aoa3_msgs/local_setup.zsh
[6.963s] -- Installing: /home/qingyuan/ros2_iot/install/xplr_aoa3_msgs/share/xplr_aoa3_msgs/local_setup.dsv
[6.963s] -- Installing: /home/qingyuan/ros2_iot/install/xplr_aoa3_msgs/share/xplr_aoa3_msgs/package.dsv
[6.963s] -- Installing: /home/qingyuan/ros2_iot/install/xplr_aoa3_msgs/share/ament_index/resource_index/packages/xplr_aoa3_msgs
[6.963s] -- Installing: /home/qingyuan/ros2_iot/install/xplr_aoa3_msgs/share/xplr_aoa3_msgs/cmake/export_xplr_aoa3_msgs__rosidl_generator_cExport.cmake
[6.963s] -- Installing: /home/qingyuan/ros2_iot/install/xplr_aoa3_msgs/share/xplr_aoa3_msgs/cmake/export_xplr_aoa3_msgs__rosidl_generator_cExport-noconfig.cmake
[6.963s] -- Installing: /home/qingyuan/ros2_iot/install/xplr_aoa3_msgs/share/xplr_aoa3_msgs/cmake/export_xplr_aoa3_msgs__rosidl_typesupport_fastrtps_cExport.cmake
[6.963s] -- Installing: /home/qingyuan/ros2_iot/install/xplr_aoa3_msgs/share/xplr_aoa3_msgs/cmake/export_xplr_aoa3_msgs__rosidl_typesupport_fastrtps_cExport-noconfig.cmake
[6.964s] -- Installing: /home/qingyuan/ros2_iot/install/xplr_aoa3_msgs/share/xplr_aoa3_msgs/cmake/export_xplr_aoa3_msgs__rosidl_generator_cppExport.cmake
[6.964s] -- Installing: /home/qingyuan/ros2_iot/install/xplr_aoa3_msgs/share/xplr_aoa3_msgs/cmake/export_xplr_aoa3_msgs__rosidl_typesupport_fastrtps_cppExport.cmake
[6.964s] -- Installing: /home/qingyuan/ros2_iot/install/xplr_aoa3_msgs/share/xplr_aoa3_msgs/cmake/export_xplr_aoa3_msgs__rosidl_typesupport_fastrtps_cppExport-noconfig.cmake
[6.964s] -- Installing: /home/qingyuan/ros2_iot/install/xplr_aoa3_msgs/share/xplr_aoa3_msgs/cmake/xplr_aoa3_msgs__rosidl_typesupport_introspection_cExport.cmake
[6.964s] -- Installing: /home/qingyuan/ros2_iot/install/xplr_aoa3_msgs/share/xplr_aoa3_msgs/cmake/xplr_aoa3_msgs__rosidl_typesupport_introspection_cExport-noconfig.cmake
[6.964s] -- Installing: /home/qingyuan/ros2_iot/install/xplr_aoa3_msgs/share/xplr_aoa3_msgs/cmake/xplr_aoa3_msgs__rosidl_typesupport_cExport.cmake
[6.964s] -- Installing: /home/qingyuan/ros2_iot/install/xplr_aoa3_msgs/share/xplr_aoa3_msgs/cmake/xplr_aoa3_msgs__rosidl_typesupport_cExport-noconfig.cmake
[6.965s] -- Installing: /home/qingyuan/ros2_iot/install/xplr_aoa3_msgs/share/xplr_aoa3_msgs/cmake/xplr_aoa3_msgs__rosidl_typesupport_introspection_cppExport.cmake
[6.965s] -- Installing: /home/qingyuan/ros2_iot/install/xplr_aoa3_msgs/share/xplr_aoa3_msgs/cmake/xplr_aoa3_msgs__rosidl_typesupport_introspection_cppExport-noconfig.cmake
[6.965s] -- Installing: /home/qingyuan/ros2_iot/install/xplr_aoa3_msgs/share/xplr_aoa3_msgs/cmake/xplr_aoa3_msgs__rosidl_typesupport_cppExport.cmake
[6.965s] -- Installing: /home/qingyuan/ros2_iot/install/xplr_aoa3_msgs/share/xplr_aoa3_msgs/cmake/xplr_aoa3_msgs__rosidl_typesupport_cppExport-noconfig.cmake
[6.965s] -- Installing: /home/qingyuan/ros2_iot/install/xplr_aoa3_msgs/share/xplr_aoa3_msgs/cmake/export_xplr_aoa3_msgs__rosidl_generator_pyExport.cmake
[6.965s] -- Installing: /home/qingyuan/ros2_iot/install/xplr_aoa3_msgs/share/xplr_aoa3_msgs/cmake/export_xplr_aoa3_msgs__rosidl_generator_pyExport-noconfig.cmake
[6.965s] -- Installing: /home/qingyuan/ros2_iot/install/xplr_aoa3_msgs/share/xplr_aoa3_msgs/cmake/rosidl_cmake-extras.cmake
[6.965s] -- Installing: /home/qingyuan/ros2_iot/install/xplr_aoa3_msgs/share/xplr_aoa3_msgs/cmake/ament_cmake_export_dependencies-extras.cmake
[6.966s] -- Installing: /home/qingyuan/ros2_iot/install/xplr_aoa3_msgs/share/xplr_aoa3_msgs/cmake/ament_cmake_export_include_directories-extras.cmake
[6.966s] -- Installing: /home/qingyuan/ros2_iot/install/xplr_aoa3_msgs/share/xplr_aoa3_msgs/cmake/ament_cmake_export_libraries-extras.cmake
[6.966s] -- Installing: /home/qingyuan/ros2_iot/install/xplr_aoa3_msgs/share/xplr_aoa3_msgs/cmake/ament_cmake_export_targets-extras.cmake
[6.966s] -- Installing: /home/qingyuan/ros2_iot/install/xplr_aoa3_msgs/share/xplr_aoa3_msgs/cmake/rosidl_cmake_export_typesupport_targets-extras.cmake
[6.966s] -- Installing: /home/qingyuan/ros2_iot/install/xplr_aoa3_msgs/share/xplr_aoa3_msgs/cmake/rosidl_cmake_export_typesupport_libraries-extras.cmake
[6.966s] -- Installing: /home/qingyuan/ros2_iot/install/xplr_aoa3_msgs/share/xplr_aoa3_msgs/cmake/xplr_aoa3_msgsConfig.cmake
[6.966s] -- Installing: /home/qingyuan/ros2_iot/install/xplr_aoa3_msgs/share/xplr_aoa3_msgs/cmake/xplr_aoa3_msgsConfig-version.cmake
[6.966s] -- Installing: /home/qingyuan/ros2_iot/install/xplr_aoa3_msgs/share/xplr_aoa3_msgs/package.xml
[6.969s] Invoked command in '/home/qingyuan/ros2_iot/build/xplr_aoa3_msgs' returned '0': CMAKE_PREFIX_PATH=${CMAKE_PREFIX_PATH}:/opt/ros/humble /usr/bin/cmake --install /home/qingyuan/ros2_iot/build/xplr_aoa3_msgs
