[0.102s] DEBUG:colcon:Command line arguments: ['/usr/bin/colcon', 'build']
[0.102s] DEBUG:colcon:Parsed command line arguments: Namespace(log_base=None, log_level=None, verb_name='build', build_base='build', install_base='install', merge_install=False, symlink_install=False, test_result_base=None, continue_on_error=False, executor='parallel', parallel_workers=12, event_handlers=None, ignore_user_meta=False, metas=['./colcon.meta'], base_paths=['.'], packages_ignore=None, packages_ignore_regex=None, paths=None, packages_up_to=None, packages_up_to_regex=None, packages_above=None, packages_above_and_dependencies=None, packages_above_depth=None, packages_select_by_dep=None, packages_skip_by_dep=None, packages_skip_up_to=None, packages_select_build_failed=False, packages_skip_build_finished=False, packages_select_test_failures=False, packages_skip_test_passed=False, packages_select=None, packages_skip=None, packages_select_regex=None, packages_skip_regex=None, packages_start=None, packages_end=None, allow_overriding=[], cmake_args=None, cmake_target=None, cmake_target_skip_unavailable=False, cmake_clean_cache=False, cmake_clean_first=False, cmake_force_configure=False, ament_cmake_args=None, catkin_cmake_args=None, catkin_skip_building_tests=False, mixin_files=None, mixin=None, verb_parser=<colcon_mixin.mixin.mixin_argument.MixinArgumentDecorator object at 0x79f287d726e0>, verb_extension=<colcon_core.verb.build.BuildVerb object at 0x79f287d72230>, main=<bound method BuildVerb.main of <colcon_core.verb.build.BuildVerb object at 0x79f287d72230>>, mixin_verb=('build',))
[0.267s] Level 1:colcon.colcon_core.package_discovery:discover_packages(colcon_meta) check parameters
[0.268s] Level 1:colcon.colcon_core.package_discovery:discover_packages(recursive) check parameters
[0.268s] Level 1:colcon.colcon_core.package_discovery:discover_packages(ignore) check parameters
[0.268s] Level 1:colcon.colcon_core.package_discovery:discover_packages(path) check parameters
[0.268s] Level 1:colcon.colcon_core.package_discovery:discover_packages(colcon_meta) discover
[0.268s] Level 1:colcon.colcon_core.package_discovery:discover_packages(recursive) discover
[0.268s] INFO:colcon.colcon_core.package_discovery:Crawling recursively for packages in '/home/qingyuan/ros2_iot'
[0.268s] Level 1:colcon.colcon_core.package_identification:_identify(.) by extensions ['ignore', 'ignore_ament_install']
[0.268s] Level 1:colcon.colcon_core.package_identification:_identify(.) by extension 'ignore'
[0.268s] Level 1:colcon.colcon_core.package_identification:_identify(.) by extension 'ignore_ament_install'
[0.268s] Level 1:colcon.colcon_core.package_identification:_identify(.) by extensions ['colcon_pkg']
[0.268s] Level 1:colcon.colcon_core.package_identification:_identify(.) by extension 'colcon_pkg'
[0.268s] Level 1:colcon.colcon_core.package_identification:_identify(.) by extensions ['colcon_meta']
[0.268s] Level 1:colcon.colcon_core.package_identification:_identify(.) by extension 'colcon_meta'
[0.268s] Level 1:colcon.colcon_core.package_identification:_identify(.) by extensions ['ros']
[0.268s] Level 1:colcon.colcon_core.package_identification:_identify(.) by extension 'ros'
[0.277s] Level 1:colcon.colcon_core.package_identification:_identify(.) by extensions ['cmake', 'python']
[0.277s] Level 1:colcon.colcon_core.package_identification:_identify(.) by extension 'cmake'
[0.277s] Level 1:colcon.colcon_core.package_identification:_identify(.) by extension 'python'
[0.277s] Level 1:colcon.colcon_core.package_identification:_identify(.) by extensions ['python_setup_py']
[0.277s] Level 1:colcon.colcon_core.package_identification:_identify(.) by extension 'python_setup_py'
[0.278s] Level 1:colcon.colcon_core.package_identification:_identify(build) by extensions ['ignore', 'ignore_ament_install']
[0.278s] Level 1:colcon.colcon_core.package_identification:_identify(build) by extension 'ignore'
[0.278s] Level 1:colcon.colcon_core.package_identification:_identify(build) ignored
[0.278s] Level 1:colcon.colcon_core.package_identification:_identify(install) by extensions ['ignore', 'ignore_ament_install']
[0.278s] Level 1:colcon.colcon_core.package_identification:_identify(install) by extension 'ignore'
[0.278s] Level 1:colcon.colcon_core.package_identification:_identify(install) ignored
[0.278s] Level 1:colcon.colcon_core.package_identification:_identify(log) by extensions ['ignore', 'ignore_ament_install']
[0.278s] Level 1:colcon.colcon_core.package_identification:_identify(log) by extension 'ignore'
[0.278s] Level 1:colcon.colcon_core.package_identification:_identify(log) ignored
[0.278s] Level 1:colcon.colcon_core.package_identification:_identify(src) by extensions ['ignore', 'ignore_ament_install']
[0.278s] Level 1:colcon.colcon_core.package_identification:_identify(src) by extension 'ignore'
[0.278s] Level 1:colcon.colcon_core.package_identification:_identify(src) by extension 'ignore_ament_install'
[0.278s] Level 1:colcon.colcon_core.package_identification:_identify(src) by extensions ['colcon_pkg']
[0.278s] Level 1:colcon.colcon_core.package_identification:_identify(src) by extension 'colcon_pkg'
[0.278s] Level 1:colcon.colcon_core.package_identification:_identify(src) by extensions ['colcon_meta']
[0.278s] Level 1:colcon.colcon_core.package_identification:_identify(src) by extension 'colcon_meta'
[0.278s] Level 1:colcon.colcon_core.package_identification:_identify(src) by extensions ['ros']
[0.279s] Level 1:colcon.colcon_core.package_identification:_identify(src) by extension 'ros'
[0.279s] Level 1:colcon.colcon_core.package_identification:_identify(src) by extensions ['cmake', 'python']
[0.279s] Level 1:colcon.colcon_core.package_identification:_identify(src) by extension 'cmake'
[0.279s] Level 1:colcon.colcon_core.package_identification:_identify(src) by extension 'python'
[0.279s] Level 1:colcon.colcon_core.package_identification:_identify(src) by extensions ['python_setup_py']
[0.279s] Level 1:colcon.colcon_core.package_identification:_identify(src) by extension 'python_setup_py'
[0.279s] Level 1:colcon.colcon_core.package_identification:_identify(src/xplr_aoa3) by extensions ['ignore', 'ignore_ament_install']
[0.279s] Level 1:colcon.colcon_core.package_identification:_identify(src/xplr_aoa3) by extension 'ignore'
[0.279s] Level 1:colcon.colcon_core.package_identification:_identify(src/xplr_aoa3) by extension 'ignore_ament_install'
[0.279s] Level 1:colcon.colcon_core.package_identification:_identify(src/xplr_aoa3) by extensions ['colcon_pkg']
[0.279s] Level 1:colcon.colcon_core.package_identification:_identify(src/xplr_aoa3) by extension 'colcon_pkg'
[0.279s] Level 1:colcon.colcon_core.package_identification:_identify(src/xplr_aoa3) by extensions ['colcon_meta']
[0.279s] Level 1:colcon.colcon_core.package_identification:_identify(src/xplr_aoa3) by extension 'colcon_meta'
[0.279s] Level 1:colcon.colcon_core.package_identification:_identify(src/xplr_aoa3) by extensions ['ros']
[0.279s] Level 1:colcon.colcon_core.package_identification:_identify(src/xplr_aoa3) by extension 'ros'
[0.281s] DEBUG:colcon.colcon_core.package_identification:Package 'src/xplr_aoa3' with type 'ros.ament_python' and name 'xplr_aoa3'
[0.281s] Level 1:colcon.colcon_core.package_identification:_identify(src/xplr_aoa3_msgs) by extensions ['ignore', 'ignore_ament_install']
[0.281s] Level 1:colcon.colcon_core.package_identification:_identify(src/xplr_aoa3_msgs) by extension 'ignore'
[0.281s] Level 1:colcon.colcon_core.package_identification:_identify(src/xplr_aoa3_msgs) by extension 'ignore_ament_install'
[0.281s] Level 1:colcon.colcon_core.package_identification:_identify(src/xplr_aoa3_msgs) by extensions ['colcon_pkg']
[0.281s] Level 1:colcon.colcon_core.package_identification:_identify(src/xplr_aoa3_msgs) by extension 'colcon_pkg'
[0.282s] Level 1:colcon.colcon_core.package_identification:_identify(src/xplr_aoa3_msgs) by extensions ['colcon_meta']
[0.282s] Level 1:colcon.colcon_core.package_identification:_identify(src/xplr_aoa3_msgs) by extension 'colcon_meta'
[0.282s] Level 1:colcon.colcon_core.package_identification:_identify(src/xplr_aoa3_msgs) by extensions ['ros']
[0.282s] Level 1:colcon.colcon_core.package_identification:_identify(src/xplr_aoa3_msgs) by extension 'ros'
[0.282s] DEBUG:colcon.colcon_core.package_identification:Package 'src/xplr_aoa3_msgs' with type 'ros.ament_cmake' and name 'xplr_aoa3_msgs'
[0.282s] Level 1:colcon.colcon_core.package_discovery:discover_packages(recursive) using defaults
[0.282s] Level 1:colcon.colcon_core.package_discovery:discover_packages(ignore) discover
[0.282s] Level 1:colcon.colcon_core.package_discovery:discover_packages(ignore) using defaults
[0.282s] Level 1:colcon.colcon_core.package_discovery:discover_packages(path) discover
[0.282s] Level 1:colcon.colcon_core.package_discovery:discover_packages(path) using defaults
[0.307s] Level 1:colcon.colcon_core.package_discovery:discover_packages(prefix_path) check parameters
[0.307s] Level 1:colcon.colcon_core.package_discovery:discover_packages(prefix_path) discover
[0.308s] DEBUG:colcon.colcon_installed_package_information.package_discovery:Found 0 installed packages in /home/qingyuan/ros2_iot/install
[0.309s] DEBUG:colcon.colcon_installed_package_information.package_discovery:Found 1 installed packages in /home/qingyuan/ros2_ws/install
[0.310s] DEBUG:colcon.colcon_installed_package_information.package_discovery:Found 444 installed packages in /opt/ros/humble
[0.312s] Level 1:colcon.colcon_core.package_discovery:discover_packages(prefix_path) using defaults
[0.363s] Level 5:colcon.colcon_core.verb:set package 'xplr_aoa3_msgs' build argument 'cmake_args' from command line to 'None'
[0.363s] Level 5:colcon.colcon_core.verb:set package 'xplr_aoa3_msgs' build argument 'cmake_target' from command line to 'None'
[0.363s] Level 5:colcon.colcon_core.verb:set package 'xplr_aoa3_msgs' build argument 'cmake_target_skip_unavailable' from command line to 'False'
[0.363s] Level 5:colcon.colcon_core.verb:set package 'xplr_aoa3_msgs' build argument 'cmake_clean_cache' from command line to 'False'
[0.363s] Level 5:colcon.colcon_core.verb:set package 'xplr_aoa3_msgs' build argument 'cmake_clean_first' from command line to 'False'
[0.363s] Level 5:colcon.colcon_core.verb:set package 'xplr_aoa3_msgs' build argument 'cmake_force_configure' from command line to 'False'
[0.363s] Level 5:colcon.colcon_core.verb:set package 'xplr_aoa3_msgs' build argument 'ament_cmake_args' from command line to 'None'
[0.363s] Level 5:colcon.colcon_core.verb:set package 'xplr_aoa3_msgs' build argument 'catkin_cmake_args' from command line to 'None'
[0.363s] Level 5:colcon.colcon_core.verb:set package 'xplr_aoa3_msgs' build argument 'catkin_skip_building_tests' from command line to 'False'
[0.363s] DEBUG:colcon.colcon_core.verb:Building package 'xplr_aoa3_msgs' with the following arguments: {'ament_cmake_args': None, 'build_base': '/home/qingyuan/ros2_iot/build/xplr_aoa3_msgs', 'catkin_cmake_args': None, 'catkin_skip_building_tests': False, 'cmake_args': None, 'cmake_clean_cache': False, 'cmake_clean_first': False, 'cmake_force_configure': False, 'cmake_target': None, 'cmake_target_skip_unavailable': False, 'install_base': '/home/qingyuan/ros2_iot/install/xplr_aoa3_msgs', 'merge_install': False, 'path': '/home/qingyuan/ros2_iot/src/xplr_aoa3_msgs', 'symlink_install': False, 'test_result_base': None}
[0.363s] Level 5:colcon.colcon_core.verb:set package 'xplr_aoa3' build argument 'cmake_args' from command line to 'None'
[0.363s] Level 5:colcon.colcon_core.verb:set package 'xplr_aoa3' build argument 'cmake_target' from command line to 'None'
[0.363s] Level 5:colcon.colcon_core.verb:set package 'xplr_aoa3' build argument 'cmake_target_skip_unavailable' from command line to 'False'
[0.363s] Level 5:colcon.colcon_core.verb:set package 'xplr_aoa3' build argument 'cmake_clean_cache' from command line to 'False'
[0.363s] Level 5:colcon.colcon_core.verb:set package 'xplr_aoa3' build argument 'cmake_clean_first' from command line to 'False'
[0.363s] Level 5:colcon.colcon_core.verb:set package 'xplr_aoa3' build argument 'cmake_force_configure' from command line to 'False'
[0.363s] Level 5:colcon.colcon_core.verb:set package 'xplr_aoa3' build argument 'ament_cmake_args' from command line to 'None'
[0.363s] Level 5:colcon.colcon_core.verb:set package 'xplr_aoa3' build argument 'catkin_cmake_args' from command line to 'None'
[0.363s] Level 5:colcon.colcon_core.verb:set package 'xplr_aoa3' build argument 'catkin_skip_building_tests' from command line to 'False'
[0.363s] DEBUG:colcon.colcon_core.verb:Building package 'xplr_aoa3' with the following arguments: {'ament_cmake_args': None, 'build_base': '/home/qingyuan/ros2_iot/build/xplr_aoa3', 'catkin_cmake_args': None, 'catkin_skip_building_tests': False, 'cmake_args': None, 'cmake_clean_cache': False, 'cmake_clean_first': False, 'cmake_force_configure': False, 'cmake_target': None, 'cmake_target_skip_unavailable': False, 'install_base': '/home/qingyuan/ros2_iot/install/xplr_aoa3', 'merge_install': False, 'path': '/home/qingyuan/ros2_iot/src/xplr_aoa3', 'symlink_install': False, 'test_result_base': None}
[0.364s] INFO:colcon.colcon_core.executor:Executing jobs using 'parallel' executor
[0.364s] DEBUG:colcon.colcon_parallel_executor.executor.parallel:run_until_complete
[0.365s] INFO:colcon.colcon_ros.task.ament_cmake.build:Building ROS package in '/home/qingyuan/ros2_iot/src/xplr_aoa3_msgs' with build type 'ament_cmake'
[0.365s] INFO:colcon.colcon_cmake.task.cmake.build:Building CMake package in '/home/qingyuan/ros2_iot/src/xplr_aoa3_msgs'
[0.366s] INFO:colcon.colcon_core.plugin_system:Skipping extension 'colcon_core.shell.bat': Not used on non-Windows systems
[0.367s] INFO:colcon.colcon_core.shell:Skip shell extension 'powershell' for command environment: Not usable outside of PowerShell
[0.367s] DEBUG:colcon.colcon_core.shell:Skip shell extension 'dsv' for command environment
[0.374s] DEBUG:colcon.colcon_core.event_handler.log_command:Invoking command in '/home/qingyuan/ros2_iot/build/xplr_aoa3_msgs': CMAKE_PREFIX_PATH=${CMAKE_PREFIX_PATH}:/opt/ros/humble /usr/bin/cmake /home/qingyuan/ros2_iot/src/xplr_aoa3_msgs -DCMAKE_INSTALL_PREFIX=/home/qingyuan/ros2_iot/install/xplr_aoa3_msgs
[4.457s] DEBUG:colcon.colcon_core.event_handler.log_command:Invoked command in '/home/qingyuan/ros2_iot/build/xplr_aoa3_msgs' returned '0': CMAKE_PREFIX_PATH=${CMAKE_PREFIX_PATH}:/opt/ros/humble /usr/bin/cmake /home/qingyuan/ros2_iot/src/xplr_aoa3_msgs -DCMAKE_INSTALL_PREFIX=/home/qingyuan/ros2_iot/install/xplr_aoa3_msgs
[4.458s] DEBUG:colcon.colcon_core.event_handler.log_command:Invoking command in '/home/qingyuan/ros2_iot/build/xplr_aoa3_msgs': CMAKE_PREFIX_PATH=${CMAKE_PREFIX_PATH}:/opt/ros/humble /usr/bin/cmake --build /home/qingyuan/ros2_iot/build/xplr_aoa3_msgs -- -j12 -l12
[7.265s] DEBUG:colcon.colcon_core.event_handler.log_command:Invoked command in '/home/qingyuan/ros2_iot/build/xplr_aoa3_msgs' returned '0': CMAKE_PREFIX_PATH=${CMAKE_PREFIX_PATH}:/opt/ros/humble /usr/bin/cmake --build /home/qingyuan/ros2_iot/build/xplr_aoa3_msgs -- -j12 -l12
[7.274s] DEBUG:colcon.colcon_core.event_handler.log_command:Invoking command in '/home/qingyuan/ros2_iot/build/xplr_aoa3_msgs': CMAKE_PREFIX_PATH=${CMAKE_PREFIX_PATH}:/opt/ros/humble /usr/bin/cmake --install /home/qingyuan/ros2_iot/build/xplr_aoa3_msgs
[7.333s] Level 1:colcon.colcon_core.environment:create_environment_scripts_only(xplr_aoa3_msgs)
[7.333s] DEBUG:colcon.colcon_core.event_handler.log_command:Invoked command in '/home/qingyuan/ros2_iot/build/xplr_aoa3_msgs' returned '0': CMAKE_PREFIX_PATH=${CMAKE_PREFIX_PATH}:/opt/ros/humble /usr/bin/cmake --install /home/qingyuan/ros2_iot/build/xplr_aoa3_msgs
[7.335s] Level 1:colcon.colcon_core.environment:checking '/home/qingyuan/ros2_iot/install/xplr_aoa3_msgs' for CMake module files
[7.336s] Level 1:colcon.colcon_core.environment:checking '/home/qingyuan/ros2_iot/install/xplr_aoa3_msgs' for CMake config files
[7.336s] Level 1:colcon.colcon_core.shell:create_environment_hook('xplr_aoa3_msgs', 'cmake_prefix_path')
[7.336s] INFO:colcon.colcon_core.shell:Creating environment hook '/home/qingyuan/ros2_iot/install/xplr_aoa3_msgs/share/xplr_aoa3_msgs/hook/cmake_prefix_path.ps1'
[7.337s] INFO:colcon.colcon_core.shell:Creating environment descriptor '/home/qingyuan/ros2_iot/install/xplr_aoa3_msgs/share/xplr_aoa3_msgs/hook/cmake_prefix_path.dsv'
[7.337s] INFO:colcon.colcon_core.shell:Creating environment hook '/home/qingyuan/ros2_iot/install/xplr_aoa3_msgs/share/xplr_aoa3_msgs/hook/cmake_prefix_path.sh'
[7.338s] Level 1:colcon.colcon_core.environment:checking '/home/qingyuan/ros2_iot/install/xplr_aoa3_msgs/lib'
[7.338s] Level 1:colcon.colcon_core.shell:create_environment_hook('xplr_aoa3_msgs', 'ld_library_path_lib')
[7.338s] INFO:colcon.colcon_core.shell:Creating environment hook '/home/qingyuan/ros2_iot/install/xplr_aoa3_msgs/share/xplr_aoa3_msgs/hook/ld_library_path_lib.ps1'
[7.339s] INFO:colcon.colcon_core.shell:Creating environment descriptor '/home/qingyuan/ros2_iot/install/xplr_aoa3_msgs/share/xplr_aoa3_msgs/hook/ld_library_path_lib.dsv'
[7.339s] INFO:colcon.colcon_core.shell:Creating environment hook '/home/qingyuan/ros2_iot/install/xplr_aoa3_msgs/share/xplr_aoa3_msgs/hook/ld_library_path_lib.sh'
[7.339s] Level 1:colcon.colcon_core.environment:checking '/home/qingyuan/ros2_iot/install/xplr_aoa3_msgs/bin'
[7.339s] Level 1:colcon.colcon_core.environment:checking '/home/qingyuan/ros2_iot/install/xplr_aoa3_msgs/lib/pkgconfig/xplr_aoa3_msgs.pc'
[7.340s] Level 1:colcon.colcon_core.environment:checking '/home/qingyuan/ros2_iot/install/xplr_aoa3_msgs/lib/python3.10/site-packages'
[7.340s] Level 1:colcon.colcon_core.environment:checking '/home/qingyuan/ros2_iot/install/xplr_aoa3_msgs/bin'
[7.340s] INFO:colcon.colcon_core.shell:Creating package script '/home/qingyuan/ros2_iot/install/xplr_aoa3_msgs/share/xplr_aoa3_msgs/package.ps1'
[7.341s] INFO:colcon.colcon_core.shell:Creating package descriptor '/home/qingyuan/ros2_iot/install/xplr_aoa3_msgs/share/xplr_aoa3_msgs/package.dsv'
[7.341s] INFO:colcon.colcon_core.shell:Creating package script '/home/qingyuan/ros2_iot/install/xplr_aoa3_msgs/share/xplr_aoa3_msgs/package.sh'
[7.342s] INFO:colcon.colcon_core.shell:Creating package script '/home/qingyuan/ros2_iot/install/xplr_aoa3_msgs/share/xplr_aoa3_msgs/package.bash'
[7.343s] INFO:colcon.colcon_core.shell:Creating package script '/home/qingyuan/ros2_iot/install/xplr_aoa3_msgs/share/xplr_aoa3_msgs/package.zsh'
[7.343s] Level 1:colcon.colcon_core.environment:create_file_with_runtime_dependencies(/home/qingyuan/ros2_iot/install/xplr_aoa3_msgs/share/colcon-core/packages/xplr_aoa3_msgs)
[7.344s] Level 1:colcon.colcon_core.environment:create_environment_scripts_only(xplr_aoa3_msgs)
[7.344s] Level 1:colcon.colcon_core.environment:checking '/home/qingyuan/ros2_iot/install/xplr_aoa3_msgs' for CMake module files
[7.345s] Level 1:colcon.colcon_core.environment:checking '/home/qingyuan/ros2_iot/install/xplr_aoa3_msgs' for CMake config files
[7.345s] Level 1:colcon.colcon_core.shell:create_environment_hook('xplr_aoa3_msgs', 'cmake_prefix_path')
[7.345s] INFO:colcon.colcon_core.shell:Creating environment hook '/home/qingyuan/ros2_iot/install/xplr_aoa3_msgs/share/xplr_aoa3_msgs/hook/cmake_prefix_path.ps1'
[7.346s] INFO:colcon.colcon_core.shell:Creating environment descriptor '/home/qingyuan/ros2_iot/install/xplr_aoa3_msgs/share/xplr_aoa3_msgs/hook/cmake_prefix_path.dsv'
[7.346s] INFO:colcon.colcon_core.shell:Creating environment hook '/home/qingyuan/ros2_iot/install/xplr_aoa3_msgs/share/xplr_aoa3_msgs/hook/cmake_prefix_path.sh'
[7.346s] Level 1:colcon.colcon_core.environment:checking '/home/qingyuan/ros2_iot/install/xplr_aoa3_msgs/lib'
[7.346s] Level 1:colcon.colcon_core.shell:create_environment_hook('xplr_aoa3_msgs', 'ld_library_path_lib')
[7.346s] INFO:colcon.colcon_core.shell:Creating environment hook '/home/qingyuan/ros2_iot/install/xplr_aoa3_msgs/share/xplr_aoa3_msgs/hook/ld_library_path_lib.ps1'
[7.347s] INFO:colcon.colcon_core.shell:Creating environment descriptor '/home/qingyuan/ros2_iot/install/xplr_aoa3_msgs/share/xplr_aoa3_msgs/hook/ld_library_path_lib.dsv'
[7.347s] INFO:colcon.colcon_core.shell:Creating environment hook '/home/qingyuan/ros2_iot/install/xplr_aoa3_msgs/share/xplr_aoa3_msgs/hook/ld_library_path_lib.sh'
[7.347s] Level 1:colcon.colcon_core.environment:checking '/home/qingyuan/ros2_iot/install/xplr_aoa3_msgs/bin'
[7.347s] Level 1:colcon.colcon_core.environment:checking '/home/qingyuan/ros2_iot/install/xplr_aoa3_msgs/lib/pkgconfig/xplr_aoa3_msgs.pc'
[7.348s] Level 1:colcon.colcon_core.environment:checking '/home/qingyuan/ros2_iot/install/xplr_aoa3_msgs/lib/python3.10/site-packages'
[7.348s] Level 1:colcon.colcon_core.environment:checking '/home/qingyuan/ros2_iot/install/xplr_aoa3_msgs/bin'
[7.348s] INFO:colcon.colcon_core.shell:Creating package script '/home/qingyuan/ros2_iot/install/xplr_aoa3_msgs/share/xplr_aoa3_msgs/package.ps1'
[7.349s] INFO:colcon.colcon_core.shell:Creating package descriptor '/home/qingyuan/ros2_iot/install/xplr_aoa3_msgs/share/xplr_aoa3_msgs/package.dsv'
[7.349s] INFO:colcon.colcon_core.shell:Creating package script '/home/qingyuan/ros2_iot/install/xplr_aoa3_msgs/share/xplr_aoa3_msgs/package.sh'
[7.350s] INFO:colcon.colcon_core.shell:Creating package script '/home/qingyuan/ros2_iot/install/xplr_aoa3_msgs/share/xplr_aoa3_msgs/package.bash'
[7.350s] INFO:colcon.colcon_core.shell:Creating package script '/home/qingyuan/ros2_iot/install/xplr_aoa3_msgs/share/xplr_aoa3_msgs/package.zsh'
[7.350s] Level 1:colcon.colcon_core.environment:create_file_with_runtime_dependencies(/home/qingyuan/ros2_iot/install/xplr_aoa3_msgs/share/colcon-core/packages/xplr_aoa3_msgs)
[7.350s] INFO:colcon.colcon_ros.task.ament_python.build:Building ROS package in '/home/qingyuan/ros2_iot/src/xplr_aoa3' with build type 'ament_python'
[7.351s] Level 1:colcon.colcon_core.shell:create_environment_hook('xplr_aoa3', 'ament_prefix_path')
[7.351s] INFO:colcon.colcon_core.shell:Creating environment hook '/home/qingyuan/ros2_iot/install/xplr_aoa3/share/xplr_aoa3/hook/ament_prefix_path.ps1'
[7.351s] INFO:colcon.colcon_core.shell:Creating environment descriptor '/home/qingyuan/ros2_iot/install/xplr_aoa3/share/xplr_aoa3/hook/ament_prefix_path.dsv'
[7.352s] INFO:colcon.colcon_core.shell:Creating environment hook '/home/qingyuan/ros2_iot/install/xplr_aoa3/share/xplr_aoa3/hook/ament_prefix_path.sh'
[7.352s] INFO:colcon.colcon_core.shell:Skip shell extension 'powershell' for command environment: Not usable outside of PowerShell
[7.352s] DEBUG:colcon.colcon_core.shell:Skip shell extension 'dsv' for command environment
[7.604s] INFO:colcon.colcon_core.task.python.build:Building Python package in '/home/qingyuan/ros2_iot/src/xplr_aoa3'
[7.604s] INFO:colcon.colcon_core.shell:Skip shell extension 'powershell' for command environment: Not usable outside of PowerShell
[7.604s] DEBUG:colcon.colcon_core.shell:Skip shell extension 'dsv' for command environment
[8.800s] DEBUG:colcon.colcon_core.event_handler.log_command:Invoking command in '/home/qingyuan/ros2_iot/src/xplr_aoa3': AMENT_PREFIX_PATH=/home/qingyuan/ros2_iot/install/xplr_aoa3_msgs:${AMENT_PREFIX_PATH} CMAKE_PREFIX_PATH=/home/qingyuan/ros2_iot/install/xplr_aoa3_msgs:${CMAKE_PREFIX_PATH} LD_LIBRARY_PATH=/home/qingyuan/ros2_iot/install/xplr_aoa3_msgs/lib:${LD_LIBRARY_PATH} PYTHONPATH=/home/qingyuan/ros2_iot/build/xplr_aoa3/prefix_override:/usr/lib/python3/dist-packages/colcon_core/task/python/colcon_distutils_commands:/home/qingyuan/ros2_iot/install/xplr_aoa3/lib/python3.10/site-packages:/home/qingyuan/ros2_iot/install/xplr_aoa3_msgs/local/lib/python3.10/dist-packages:${PYTHONPATH} /usr/bin/python3 -W ignore:setup.py install is deprecated -W ignore:easy_install command is deprecated setup.py egg_info --egg-base ../../build/xplr_aoa3 build --build-base /home/qingyuan/ros2_iot/build/xplr_aoa3/build install --record /home/qingyuan/ros2_iot/build/xplr_aoa3/install.log --single-version-externally-managed install_data
[9.072s] Level 1:colcon.colcon_core.environment:checking '/home/qingyuan/ros2_iot/install/xplr_aoa3' for CMake module files
[9.073s] DEBUG:colcon.colcon_core.event_handler.log_command:Invoked command in '/home/qingyuan/ros2_iot/src/xplr_aoa3' returned '0': AMENT_PREFIX_PATH=/home/qingyuan/ros2_iot/install/xplr_aoa3_msgs:${AMENT_PREFIX_PATH} CMAKE_PREFIX_PATH=/home/qingyuan/ros2_iot/install/xplr_aoa3_msgs:${CMAKE_PREFIX_PATH} LD_LIBRARY_PATH=/home/qingyuan/ros2_iot/install/xplr_aoa3_msgs/lib:${LD_LIBRARY_PATH} PYTHONPATH=/home/qingyuan/ros2_iot/build/xplr_aoa3/prefix_override:/usr/lib/python3/dist-packages/colcon_core/task/python/colcon_distutils_commands:/home/qingyuan/ros2_iot/install/xplr_aoa3/lib/python3.10/site-packages:/home/qingyuan/ros2_iot/install/xplr_aoa3_msgs/local/lib/python3.10/dist-packages:${PYTHONPATH} /usr/bin/python3 -W ignore:setup.py install is deprecated -W ignore:easy_install command is deprecated setup.py egg_info --egg-base ../../build/xplr_aoa3 build --build-base /home/qingyuan/ros2_iot/build/xplr_aoa3/build install --record /home/qingyuan/ros2_iot/build/xplr_aoa3/install.log --single-version-externally-managed install_data
[9.073s] Level 1:colcon.colcon_core.environment:checking '/home/qingyuan/ros2_iot/install/xplr_aoa3' for CMake config files
[9.074s] Level 1:colcon.colcon_core.environment:checking '/home/qingyuan/ros2_iot/install/xplr_aoa3/lib'
[9.074s] Level 1:colcon.colcon_core.environment:checking '/home/qingyuan/ros2_iot/install/xplr_aoa3/bin'
[9.074s] Level 1:colcon.colcon_core.environment:checking '/home/qingyuan/ros2_iot/install/xplr_aoa3/lib/pkgconfig/xplr_aoa3.pc'
[9.074s] Level 1:colcon.colcon_core.environment:checking '/home/qingyuan/ros2_iot/install/xplr_aoa3/lib/python3.10/site-packages'
[9.074s] Level 1:colcon.colcon_core.shell:create_environment_hook('xplr_aoa3', 'pythonpath')
[9.074s] INFO:colcon.colcon_core.shell:Creating environment hook '/home/qingyuan/ros2_iot/install/xplr_aoa3/share/xplr_aoa3/hook/pythonpath.ps1'
[9.075s] INFO:colcon.colcon_core.shell:Creating environment descriptor '/home/qingyuan/ros2_iot/install/xplr_aoa3/share/xplr_aoa3/hook/pythonpath.dsv'
[9.075s] INFO:colcon.colcon_core.shell:Creating environment hook '/home/qingyuan/ros2_iot/install/xplr_aoa3/share/xplr_aoa3/hook/pythonpath.sh'
[9.075s] Level 1:colcon.colcon_core.environment:checking '/home/qingyuan/ros2_iot/install/xplr_aoa3/bin'
[9.075s] Level 1:colcon.colcon_core.environment:create_environment_scripts_only(xplr_aoa3)
[9.076s] INFO:colcon.colcon_core.shell:Creating package script '/home/qingyuan/ros2_iot/install/xplr_aoa3/share/xplr_aoa3/package.ps1'
[9.076s] INFO:colcon.colcon_core.shell:Creating package descriptor '/home/qingyuan/ros2_iot/install/xplr_aoa3/share/xplr_aoa3/package.dsv'
[9.076s] INFO:colcon.colcon_core.shell:Creating package script '/home/qingyuan/ros2_iot/install/xplr_aoa3/share/xplr_aoa3/package.sh'
[9.077s] INFO:colcon.colcon_core.shell:Creating package script '/home/qingyuan/ros2_iot/install/xplr_aoa3/share/xplr_aoa3/package.bash'
[9.077s] INFO:colcon.colcon_core.shell:Creating package script '/home/qingyuan/ros2_iot/install/xplr_aoa3/share/xplr_aoa3/package.zsh'
[9.077s] Level 1:colcon.colcon_core.environment:create_file_with_runtime_dependencies(/home/qingyuan/ros2_iot/install/xplr_aoa3/share/colcon-core/packages/xplr_aoa3)
[9.078s] DEBUG:colcon.colcon_parallel_executor.executor.parallel:closing loop
[9.078s] DEBUG:colcon.colcon_parallel_executor.executor.parallel:loop closed
[9.078s] DEBUG:colcon.colcon_parallel_executor.executor.parallel:run_until_complete finished with '0'
[9.078s] DEBUG:colcon.colcon_core.event_reactor:joining thread
[9.083s] INFO:colcon.colcon_core.plugin_system:Skipping extension 'colcon_notification.desktop_notification.terminal_notifier': Not used on non-Darwin systems
[9.083s] INFO:colcon.colcon_core.plugin_system:Skipping extension 'colcon_notification.desktop_notification.win32': Not used on non-Windows systems
[9.083s] INFO:colcon.colcon_notification.desktop_notification:Sending desktop notification using 'notify2'
[9.093s] DEBUG:colcon.colcon_core.event_reactor:joined thread
[9.094s] INFO:colcon.colcon_core.shell:Creating prefix script '/home/qingyuan/ros2_iot/install/local_setup.ps1'
[9.095s] INFO:colcon.colcon_core.shell:Creating prefix util module '/home/qingyuan/ros2_iot/install/_local_setup_util_ps1.py'
[9.096s] INFO:colcon.colcon_core.shell:Creating prefix chain script '/home/qingyuan/ros2_iot/install/setup.ps1'
[9.097s] INFO:colcon.colcon_core.shell:Creating prefix script '/home/qingyuan/ros2_iot/install/local_setup.sh'
[9.097s] INFO:colcon.colcon_core.shell:Creating prefix util module '/home/qingyuan/ros2_iot/install/_local_setup_util_sh.py'
[9.098s] INFO:colcon.colcon_core.shell:Creating prefix chain script '/home/qingyuan/ros2_iot/install/setup.sh'
[9.099s] INFO:colcon.colcon_core.shell:Creating prefix script '/home/qingyuan/ros2_iot/install/local_setup.bash'
[9.099s] INFO:colcon.colcon_core.shell:Creating prefix chain script '/home/qingyuan/ros2_iot/install/setup.bash'
[9.101s] INFO:colcon.colcon_core.shell:Creating prefix script '/home/qingyuan/ros2_iot/install/local_setup.zsh'
[9.101s] INFO:colcon.colcon_core.shell:Creating prefix chain script '/home/qingyuan/ros2_iot/install/setup.zsh'
