running egg_info
writing ../../build/xplr_aoa3/xplr_aoa3.egg-info/PKG-INFO
writing dependency_links to ../../build/xplr_aoa3/xplr_aoa3.egg-info/dependency_links.txt
writing entry points to ../../build/xplr_aoa3/xplr_aoa3.egg-info/entry_points.txt
writing requirements to ../../build/xplr_aoa3/xplr_aoa3.egg-info/requires.txt
writing top-level names to ../../build/xplr_aoa3/xplr_aoa3.egg-info/top_level.txt
reading manifest file '../../build/xplr_aoa3/xplr_aoa3.egg-info/SOURCES.txt'
writing manifest file '../../build/xplr_aoa3/xplr_aoa3.egg-info/SOURCES.txt'
running build
running build_py
copying xplr_aoa3/aoa_node.py -> /home/qingyuan/ros2_iot/build/xplr_aoa3/build/lib/xplr_aoa3
running install
running install_lib
copying /home/qingyuan/ros2_iot/build/xplr_aoa3/build/lib/xplr_aoa3/aoa_node.py -> /home/qingyuan/ros2_iot/install/xplr_aoa3/lib/python3.10/site-packages/xplr_aoa3
byte-compiling /home/qingyuan/ros2_iot/install/xplr_aoa3/lib/python3.10/site-packages/xplr_aoa3/aoa_node.py to aoa_node.cpython-310.pyc
running install_data
running install_egg_info
removing '/home/qingyuan/ros2_iot/install/xplr_aoa3/lib/python3.10/site-packages/xplr_aoa3-0.1.0-py3.10.egg-info' (and everything under it)
Copying ../../build/xplr_aoa3/xplr_aoa3.egg-info to /home/qingyuan/ros2_iot/install/xplr_aoa3/lib/python3.10/site-packages/xplr_aoa3-0.1.0-py3.10.egg-info
running install_scripts
Installing aoa_node script to /home/qingyuan/ros2_iot/install/xplr_aoa3/lib/xplr_aoa3
writing list of installed files to '/home/qingyuan/ros2_iot/build/xplr_aoa3/install.log'
