[0.593s] Invoking command in '/home/qingyuan/ros2_iot/src/xplr_aoa3': PYTHONPATH=/home/qingyuan/ros2_iot/build/xplr_aoa3/prefix_override:/usr/lib/python3/dist-packages/colcon_core/task/python/colcon_distutils_commands:/home/qingyuan/ros2_iot/install/xplr_aoa3/lib/python3.10/site-packages:${PYTHONPATH} /usr/bin/python3 -W ignore:setup.py install is deprecated -W ignore:easy_install command is deprecated setup.py egg_info --egg-base ../../build/xplr_aoa3 build --build-base /home/qingyuan/ros2_iot/build/xplr_aoa3/build install --record /home/qingyuan/ros2_iot/build/xplr_aoa3/install.log --single-version-externally-managed install_data
[0.823s] running egg_info
[0.824s] writing ../../build/xplr_aoa3/xplr_aoa3.egg-info/PKG-INFO
[0.824s] writing dependency_links to ../../build/xplr_aoa3/xplr_aoa3.egg-info/dependency_links.txt
[0.824s] writing entry points to ../../build/xplr_aoa3/xplr_aoa3.egg-info/entry_points.txt
[0.824s] writing requirements to ../../build/xplr_aoa3/xplr_aoa3.egg-info/requires.txt
[0.824s] writing top-level names to ../../build/xplr_aoa3/xplr_aoa3.egg-info/top_level.txt
[0.826s] reading manifest file '../../build/xplr_aoa3/xplr_aoa3.egg-info/SOURCES.txt'
[0.826s] writing manifest file '../../build/xplr_aoa3/xplr_aoa3.egg-info/SOURCES.txt'
[0.826s] running build
[0.826s] running build_py
[0.827s] copying xplr_aoa3/aoa_node.py -> /home/qingyuan/ros2_iot/build/xplr_aoa3/build/lib/xplr_aoa3
[0.827s] running install
[0.827s] running install_lib
[0.828s] copying /home/qingyuan/ros2_iot/build/xplr_aoa3/build/lib/xplr_aoa3/aoa_node.py -> /home/qingyuan/ros2_iot/install/xplr_aoa3/lib/python3.10/site-packages/xplr_aoa3
[0.828s] byte-compiling /home/qingyuan/ros2_iot/install/xplr_aoa3/lib/python3.10/site-packages/xplr_aoa3/aoa_node.py to aoa_node.cpython-310.pyc
[0.829s] running install_data
[0.829s] running install_egg_info
[0.831s] removing '/home/qingyuan/ros2_iot/install/xplr_aoa3/lib/python3.10/site-packages/xplr_aoa3-0.1.0-py3.10.egg-info' (and everything under it)
[0.831s] Copying ../../build/xplr_aoa3/xplr_aoa3.egg-info to /home/qingyuan/ros2_iot/install/xplr_aoa3/lib/python3.10/site-packages/xplr_aoa3-0.1.0-py3.10.egg-info
[0.832s] running install_scripts
[0.851s] Installing aoa_node script to /home/qingyuan/ros2_iot/install/xplr_aoa3/lib/xplr_aoa3
[0.851s] writing list of installed files to '/home/qingyuan/ros2_iot/build/xplr_aoa3/install.log'
[0.870s] Invoked command in '/home/qingyuan/ros2_iot/src/xplr_aoa3' returned '0': PYTHONPATH=/home/qingyuan/ros2_iot/build/xplr_aoa3/prefix_override:/usr/lib/python3/dist-packages/colcon_core/task/python/colcon_distutils_commands:/home/qingyuan/ros2_iot/install/xplr_aoa3/lib/python3.10/site-packages:${PYTHONPATH} /usr/bin/python3 -W ignore:setup.py install is deprecated -W ignore:easy_install command is deprecated setup.py egg_info --egg-base ../../build/xplr_aoa3 build --build-base /home/qingyuan/ros2_iot/build/xplr_aoa3/build install --record /home/qingyuan/ros2_iot/build/xplr_aoa3/install.log --single-version-externally-managed install_data
